f:\360\a5dbaa60e046ae86b420329af7617cdb\pthreads.2\vc141.pdb
f:\360\a5dbaa60e046ae86b420329af7617cdb\pthreads.2\pthread.obj
f:\360\a5dbaa60e046ae86b420329af7617cdb\pthreads.2\pthreadvc2.ilk
f:\360\a5dbaa60e046ae86b420329af7617cdb\pthreads.2\pthreadvc2.dll
f:\360\a5dbaa60e046ae86b420329af7617cdb\pthreads.2\x64\debug\pthread.pdb
f:\360\a5dbaa60e046ae86b420329af7617cdb\pthreads.2\pthreadvc2.lib
f:\360\a5dbaa60e046ae86b420329af7617cdb\pthreads.2\pthreadvc2.exp
f:\360\a5dbaa60e046ae86b420329af7617cdb\pthreads.2\x64\debug\version.res
f:\360\idag\pthread\pthreads.2\x64\debug\version.res
f:\360\idag\pthread\pthreads.2\x64\debug\pthread.pdb
f:\360\idag\pthread\pthreads.2\x64\debug\pthread.tlog\cl.command.1.tlog
f:\360\idag\pthread\pthreads.2\x64\debug\pthread.tlog\cl.read.1.tlog
f:\360\idag\pthread\pthreads.2\x64\debug\pthread.tlog\cl.write.1.tlog
f:\360\idag\pthread\pthreads.2\x64\debug\pthread.tlog\link.command.1.tlog
f:\360\idag\pthread\pthreads.2\x64\debug\pthread.tlog\link.read.1.tlog
f:\360\idag\pthread\pthreads.2\x64\debug\pthread.tlog\link.write.1.tlog
f:\360\idag\pthread\pthreads.2\x64\debug\pthread.tlog\pthread.write.1u.tlog
f:\360\idag\pthread\pthreads.2\x64\debug\pthread.tlog\rc.command.1.tlog
f:\360\idag\pthread\pthreads.2\x64\debug\pthread.tlog\rc.read.1.tlog
f:\360\idag\pthread\pthreads.2\x64\debug\pthread.tlog\rc.write.1.tlog
